
All User Listed time = 2020-03-12 11:26:19
All User Listed time = 2020/03/12 11:30:01
All User Listed time = 2020/03/12 11:30:05
All User Listed time = 1970/01/01 01:59:59
All User Listed time = 2020/03/12 11:44:20
All User Listed time = 2020/03/12 11:49:43
All User Listed time = 2020/03/12 11:51:06
All User Listed time = 2020/03/12 11:53:00
All User Listed time = 2020/03/12 11:53:01
All User Listed time = 2020/03/12 11:54:30
All User Listed time = 2020/03/12 11:57:01
All User Listed time = 2020/03/12 11:57:03
All User Listed time = 2020/03/12 12:02:55
All User Listed time = 2020/03/12 12:03:41
User Login name = undefined time = 2020/03/12 12:25:49
All User Listed time = 2020/03/12 12:27:01
All User Listed time = 2020/03/12 12:27:06
All User Listed time = 2020/03/12 14:33:38
User Login name = samedata time = 2020/03/12 14:35:28
All User Listed time = 2020/03/12 14:40:31
Log Status changed = true / 2020/03/12 15:55:09
Log Save Status changed = true / 2020/03/12 15:55:09
All User Listed / 2020/03/12 15:55:12
All User Listed / 2020/03/12 15:55:13
Empty or wrong data / 2020/03/12 16:04:37
Empty or wrong data / 2020/03/12 16:04:44
Log Status changed = false / 2020/03/12 16:04:57
All User Listed / 2020/03/12 17:58:53
All User Listed / 2020/03/12 17:59:16
User Update id = 37 / 2020/03/12 17:59:22
User Update id = 36 / 2020/03/12 17:59:55
User Update id = 35 / 2020/03/12 18:00:22
User Update id = 37 / 2020/03/12 18:00:48
User Update id = 37 / 2020/03/12 18:13:31
User Update id = 37 / 2020/03/12 18:13:56
User Update id = 37 / 2020/03/12 18:15:40
User Update id = 37 / 2020/03/12 18:17:11
User Login name = samedata / 2020/03/13 11:56:09
User Insert / 2020/03/13 11:56:42
User Insert / 2020/03/13 11:57:50
User Login name = samedata@hotmail.com / 2020/03/13 12:04:28
User Login Denied / 2020/03/13 12:06:23
User Login Denied / 2020/03/13 12:06:32
User Login name = samedata@hotmail.com / 2020/03/13 12:06:37
User Login Denied / 2020/03/13 12:06:56
User Login Denied / 2020/03/13 12:06:57
User Insert / 2020/03/13 14:13:26
User/Listed/Success / 2020/03/13 16:13:49
User/Listed/Success / 2020/03/13 16:13:54
User/Listed/Success / 2020/03/13 16:13:56
User/Listed/Success / 13/03/2020 16:16:16
User/Update/Unsuccess/id=undefined / 13/03/2020 16:16:27
User/Insert/Success / 13/03/2020 16:16:42
User/Update/Unsuccess/id=undefined / 13/03/2020 16:16:47
User/Update/Success/id=42 / 13/03/2020 16:17:19
User/Delete/Success/id=42 / 13/03/2020 16:17:30
User/Delete/Unsuccess/id=undefined / 13/03/2020 16:17:35
User/Insert/Success / 2020/03/13 16:18:40
User/Listed/Success / 2020/03/13 16:18:47
User/Update/Success/id=43 / 2020/03/13 16:19:11
User/Delete/Success/id=43 / 2020/03/13 16:19:18
User/Delete/Success/id=43 / 2020/03/13 16:19:21
Log Status changed = false / 2020/03/13 16:20:36
Log Save Status changed = false / 2020/03/13 16:20:36
Log/Statuschanged/true / 2020/03/13 16:23:19
Log/SaveStatus/true / 2020/03/13 16:23:19
User/Listed/Success / 2020/03/13 16:23:26
User/Listed/Success / 2020/03/13 16:23:28
User/Listed/Success / 2020/03/13 16:23:29
User/Listed/Success / 2020/03/13 16:23:30
Log/Statuschanged/false / 2020/03/13 16:24:37
Log/SaveStatus/false / 2020/03/13 16:24:37
User/Listed/Success / 2020/03/13 16:25:58
User/Listed/Success / 2020/03/13 16:26:22
User/Login/Unsuccess / 2020/03/13 16:43:15
User/Login/Success/name=samedata@hotmail.com / 2020/03/13 16:43:22
User/Insert/Success / 2020/03/13 16:43:49
User/Update/Unsuccess/id=undefined / 2020/03/13 16:44:16
User/Update/Success/id=44 / 2020/03/13 16:44:32
User/Delete/Success/id=44 / 2020/03/13 16:45:19
User/Listed/Success / 2020/03/13 16:45:37
Log/Statuschanged/false / 2020/03/13 16:47:04
Log/SaveStatus/false / 2020/03/13 16:47:04
User/Update/Success/id=44 / 2020/03/13 16:56:09
User/Update/Success/id=43 / 2020/03/13 16:56:48
User/Insert/Success / 2020/03/13 17:34:56
User/Update/Success/id=45 / 2020/03/13 17:36:47
User/Login/Unsuccess / 2020/03/13 17:37:48
User/Login/Unsuccess / 2020/03/13 17:37:57
User/Update/Success/id=45 / 2020/03/13 17:38:11
User/Update/Success/id=45 / 2020/03/13 17:38:13
User/Login/Unsuccess / 2020/03/13 17:38:24
User/Login/Success/name=samedatafffff@hotmail.com / 2020/03/13 17:39:03
User/Listed/Success / 2020/03/13 17:39:21
User/Listed/Success / 2020/03/13 17:39:24
User/Listed/Success / 2020/03/13 17:39:26
User/Delete/Unsuccess/id=undefined / 2020/03/13 17:39:48
User/Delete/Success/id=45 / 2020/03/13 17:39:57
User/Listed/Success / 2020/03/13 18:01:48