All User Listed::1 - - [12/Mar/2020:07:21:04 +0000] "GET /api/user HTTP/1.1" 200 - "-" "PostmanRuntime/7.23.0"
::1 - - [12/Mar/2020:07:23:12 +0000] "GET /api/user HTTP/1.1" 200 - "-" "PostmanRuntime/7.23.0"
::1 - - [12/Mar/2020:07:24:56 +0000] "GET /api/user HTTP/1.1" 200 - "-" "PostmanRuntime/7.23.0"
::1 - - [12/Mar/2020:07:38:37 +0000] "GET /api/user HTTP/1.1" 200 - "-" "PostmanRuntime/7.23.0"
::1 - - [12/Mar/2020:07:39:50 +0000] "GET /api/user HTTP/1.1" 200 - "-" "PostmanRuntime/7.23.0"
::1 - - [12/Mar/2020:07:42:40 +0000] "GET /api/user HTTP/1.1" 200 - "-" "PostmanRuntime/7.23.0"
::1 - - [12/Mar/2020:07:42:43 +0000] "GET /api/user HTTP/1.1" 200 - "-" "PostmanRuntime/7.23.0"
::1 - - [12/Mar/2020:07:42:45 +0000] "GET /api/user HTTP/1.1" 200 - "-" "PostmanRuntime/7.23.0"
::1 - - [12/Mar/2020:07:46:41 +0000] "GET /api/user HTTP/1.1" 200 - "-" "PostmanRuntime/7.23.0"
::1 - - [12/Mar/2020:07:47:13 +0000] "GET /api/user HTTP/1.1" 200 - "-" "PostmanRuntime/7.23.0"
::1 - - [12/Mar/2020:07:47:57 +0000] "GET /api/user HTTP/1.1" 200 - "-" "PostmanRuntime/7.23.0"
::1 - - [12/Mar/2020:07:57:44 +0000] "GET /api/user HTTP/1.1" 200 - "-" "PostmanRuntime/7.23.0"
::1 - - [12/Mar/2020:07:58:17 +0000] "GET /api/user HTTP/1.1" 200 - "-" "PostmanRuntime/7.23.0"
::1 - - [12/Mar/2020:08:01:24 +0000] "GET /api/user HTTP/1.1" 200 - "-" "PostmanRuntime/7.23.0"
::1 - - [12/Mar/2020:08:01:57 +0000] "GET /api/user HTTP/1.1" 200 - "-" "PostmanRuntime/7.23.0"
::1 - - [12/Mar/2020:08:02:33 +0000] "GET /api/user HTTP/1.1" 200 - "-" "PostmanRuntime/7.23.0"
::1 - - [12/Mar/2020:08:03:33 +0000] "GET /api/user HTTP/1.1" 200 - "-" "PostmanRuntime/7.23.0"
::1 - - [12/Mar/2020:08:03:48 +0000] "GET /api/user HTTP/1.1" 200 - "-" "PostmanRuntime/7.23.0"
::1 - - [12/Mar/2020:08:05:08 +0000] "GET /api/user HTTP/1.1" 200 - "-" "PostmanRuntime/7.23.0"
::1 - - [12/Mar/2020:08:05:31 +0000] "GET /api/user HTTP/1.1" 200 - "-" "PostmanRuntime/7.23.0"
::1 - - [12/Mar/2020:08:06:25 +0000] "GET /api/user HTTP/1.1" 200 - "-" "PostmanRuntime/7.23.0"
::1 - - [12/Mar/2020:08:06:36 +0000] "GET /api/user HTTP/1.1" 200 - "-" "PostmanRuntime/7.23.0"
::1 - - [12/Mar/2020:08:10:02 +0000] "GET /api/user HTTP/1.1" 200 - "-" "PostmanRuntime/7.23.0"
::1 - - [12/Mar/2020:08:10:13 +0000] "GET /api/user HTTP/1.1" 200 - "-" "PostmanRuntime/7.23.0"
::1 - - [12/Mar/2020:08:10:42 +0000] "GET /api/user HTTP/1.1" 200 - "-" "PostmanRuntime/7.23.0"
::1 - - [12/Mar/2020:08:11:17 +0000] "GET /api/user HTTP/1.1" 200 - "-" "PostmanRuntime/7.23.0"
::1 - - [12/Mar/2020:08:11:24 +0000] "GET /api/user HTTP/1.1" 200 - "-" "PostmanRuntime/7.23.0"
::1 - - [12/Mar/2020:08:11:39 +0000] "GET /api/user HTTP/1.1" 200 - "-" "PostmanRuntime/7.23.0"
::1 - - [12/Mar/2020:08:20:30 +0000] "GET /api/user HTTP/1.1" 200 - "-" "PostmanRuntime/7.23.0"
::1 - - [12/Mar/2020:08:21:55 +0000] "GET /api/user HTTP/1.1" 200 - "-" "PostmanRuntime/7.23.0"
::1 - - [12/Mar/2020:08:22:06 +0000] "GET /api/user HTTP/1.1" 200 - "-" "PostmanRuntime/7.23.0"
::1 - - [12/Mar/2020:08:22:39 +0000] "GET /api/user HTTP/1.1" 200 - "-" "PostmanRuntime/7.23.0"
::1 - - [12/Mar/2020:08:23:01 +0000] "GET /api/user HTTP/1.1" 200 - "-" "PostmanRuntime/7.23.0"
::1 - - [12/Mar/2020:08:26:19 +0000] "GET /api/user HTTP/1.1" 200 - "-" "PostmanRuntime/7.23.0"
::1 - - [12/Mar/2020:08:30:01 +0000] "GET /api/user HTTP/1.1" 200 - "-" "PostmanRuntime/7.23.0"
::1 - - [12/Mar/2020:08:30:05 +0000] "GET /api/user HTTP/1.1" 200 - "-" "PostmanRuntime/7.23.0"
::1 - - [12/Mar/2020:08:32:53 +0000] "GET /api/user HTTP/1.1" 200 - "-" "PostmanRuntime/7.23.0"

All User Listed time = 2020/03/12 11:44:20::1 - - [12/Mar/2020:08:44:20 +0000] "GET /api/user HTTP/1.1" 200 - "-" "PostmanRuntime/7.23.0"
[12/Mar/2020:08:53:00 +0000] "GET /api/user" 200 - - 135.995 ms
[12/Mar/2020:08:53:01 +0000] "GET /api/user" 200 - - 25.890 ms
[-] "GET /api/user" 200 - - 125.010 ms
2020/03/12 11:57:01 "GET /api/user" 200 - - 137.533 ms
2020/03/12 11:57:03 "GET /api/user" 200 - - 20.286 ms
::1 - - 2020/03/12 12:02:55"GET /api/user HTTP/1.1" 200 - "-" "PostmanRuntime/7.23.0"
::1 - - [2020/03/12 12:03:42]"GET /api/user HTTP/1.1" 200 - "-" "PostmanRuntime/7.23.0"
::1 - - [2020/03/12 12:20:18]" POST /api/user/logSettings HTTP/1.1" 200 26 "-" "PostmanRuntime/7.23.0"
::1 - - [2020/03/12 12:22:36]" POST /api/user/logSettings HTTP/1.1" 200 26 "-" "PostmanRuntime/7.23.0"
::1 - - [2020/03/12 12:22:40]" POST /api/user/logSettings HTTP/1.1" 200 26 "-" "PostmanRuntime/7.23.0"
::1 - - [2020/03/12 12:22:57]" POST /api/user/logSettings HTTP/1.1" 200 31 "-" "PostmanRuntime/7.23.0"
::1 - - [2020/03/12 12:23:59]" GET /api/user/ HTTP/1.1" 401 34 "-" "PostmanRuntime/7.23.0"
::1 - - [2020/03/12 12:25:28]" GET /api/user HTTP/1.1" 401 34 "-" "PostmanRuntime/7.23.0"
::1 - - [2020/03/12 12:25:39]" POST /api/user HTTP/1.1" 401 34 "-" "PostmanRuntime/7.23.0"
::1 - - [2020/03/12 12:25:49]" POST /api/user/login HTTP/1.1" 200 217 "-" "PostmanRuntime/7.23.0"
::1 - - [2020/03/12 12:26:12]" GET /api/user HTTP/1.1" 401 34 "-" "PostmanRuntime/7.23.0"
::1 - - [2020/03/12 12:27:02]" GET /api/user/ HTTP/1.1" 200 - "-" "PostmanRuntime/7.23.0"
::1 - - [2020/03/12 12:27:06]" GET /api/user HTTP/1.1" 200 - "-" "PostmanRuntime/7.23.0"
::1 - - [2020/03/12 14:33:38]" GET /api/user HTTP/1.1" 200 - "-" "PostmanRuntime/7.23.0"
::1 - - [2020/03/12 14:35:28]" POST /api/user/login HTTP/1.1" 200 195 "-" "PostmanRuntime/7.23.0"
::1 - - [2020/03/12 14:39:42]" GET /api/user HTTP/1.1" 200 - "-" "PostmanRuntime/7.23.0"
::1 - - [2020/03/12 14:39:45]" GET /api/user HTTP/1.1" 200 - "-" "PostmanRuntime/7.23.0"
::1 - - [2020/03/12 14:39:47]" GET /api/user HTTP/1.1" 200 - "-" "PostmanRuntime/7.23.0"
::1 - - [2020/03/12 14:39:50]" GET /api/user HTTP/1.1" 200 - "-" "PostmanRuntime/7.23.0"
::1 - - [2020/03/12 14:40:14]" GET /api/user HTTP/1.1" 200 - "-" "PostmanRuntime/7.23.0"
::1 - - [2020/03/12 14:40:31]" GET /api/user HTTP/1.1" 200 - "-" "PostmanRuntime/7.23.0"
::1 - - [2020/03/12 14:53:04]" GET /api/user/logSettings HTTP/1.1" 404 - "-" "PostmanRuntime/7.23.0"
::1 - - [2020/03/12 14:55:19]" POST /api/user/logSettings HTTP/1.1" 401 34 "-" "PostmanRuntime/7.23.0"
::1 - - [2020/03/12 14:55:37]" POST /api/user/login HTTP/1.1" 200 195 "-" "PostmanRuntime/7.23.0"
::1 - - [2020/03/12 14:55:48]" GET /api/user HTTP/1.1" 200 - "-" "PostmanRuntime/7.23.0"
::1 - - [2020/03/12 14:56:06]" GET /api/user/logSettings HTTP/1.1" 404 - "-" "PostmanRuntime/7.23.0"
::1 - - [2020/03/12 14:56:13]" POST /api/user/logSettings HTTP/1.1" 401 34 "-" "PostmanRuntime/7.23.0"
::1 - - [2020/03/12 14:58:18]" POST /api/user/logSettings HTTP/1.1" 401 33 "-" "PostmanRuntime/7.23.0"
::1 - - [2020/03/12 14:58:22]" POST /api/user/logSettings HTTP/1.1" 200 26 "-" "PostmanRuntime/7.23.0"
::1 - - [2020/03/12 15:01:08]" POST /api/user/logSettings HTTP/1.1" 200 66 "-" "PostmanRuntime/7.23.0"
::1 - - [2020/03/12 15:02:20]" POST /api/user/logSettings HTTP/1.1" 200 61 "-" "PostmanRuntime/7.23.0"
::1 - - [2020/03/12 15:02:46]" POST /api/user/logSettings HTTP/1.1" 200 58 "-" "PostmanRuntime/7.23.0"
::1 - - [2020/03/12 15:04:30]" POST /api/user/logSettings HTTP/1.1" 200 30 "-" "PostmanRuntime/7.23.0"
::1 - - [2020/03/12 15:04:40]" POST /api/user/logSettings HTTP/1.1" 200 32 "-" "PostmanRuntime/7.23.0"
::1 - - [2020/03/12 15:05:44]" POST /api/user/logSettings HTTP/1.1" 200 95 "-" "PostmanRuntime/7.23.0"
::1 - - [2020/03/12 15:06:35]" POST /api/user/logSettings HTTP/1.1" 200 93 "-" "PostmanRuntime/7.23.0"
::1 - - [2020/03/12 15:11:24]" POST /api/user/logSettings HTTP/1.1" 200 97 "-" "PostmanRuntime/7.23.0"
::1 - - [2020/03/12 15:11:35]" POST /api/user/logSettings HTTP/1.1" 200 98 "-" "PostmanRuntime/7.23.0"
::1 - - [2020/03/12 15:12:05]" POST /api/user/logSettings HTTP/1.1" 200 32 "-" "PostmanRuntime/7.23.0"
::1 - - [2020/03/12 15:13:56]" POST /api/user/logSettings HTTP/1.1" 200 32 "-" "PostmanRuntime/7.23.0"
::1 - - [2020/03/12 15:14:08]" POST /api/user/logSettings HTTP/1.1" 200 32 "-" "PostmanRuntime/7.23.0"
::1 - - [2020/03/12 15:17:35]" POST /api/user/logSettings HTTP/1.1" 200 32 "-" "PostmanRuntime/7.23.0"
::1 - - [2020/03/12 15:17:39]" POST /api/user/logSettings HTTP/1.1" 200 32 "-" "PostmanRuntime/7.23.0"
::1 - - [2020/03/12 15:18:40]" POST /api/user/logSettings HTTP/1.1" 200 32 "-" "PostmanRuntime/7.23.0"
::1 - - [2020/03/12 15:19:17]" POST /api/user/logSettings HTTP/1.1" 200 32 "-" "PostmanRuntime/7.23.0"
::1 - - [2020/03/12 15:19:30]" POST /api/user/logSettings HTTP/1.1" 401 33 "-" "PostmanRuntime/7.23.0"
::1 - - [2020/03/12 15:20:13]" POST /api/user/logSettings HTTP/1.1" 401 33 "-" "PostmanRuntime/7.23.0"
::1 - - [2020/03/12 15:20:28]" POST /api/user/logSettings HTTP/1.1" 200 32 "-" "PostmanRuntime/7.23.0"
::1 - - [2020/03/12 15:21:14]" POST /api/user/logSettings HTTP/1.1" 200 32 "-" "PostmanRuntime/7.23.0"
::1 - - [2020/03/12 15:21:21]" POST /api/user/logSettings HTTP/1.1" 401 33 "-" "PostmanRuntime/7.23.0"
::1 - - [2020/03/12 15:21:36]" POST /api/user/logSettings HTTP/1.1" 401 33 "-" "PostmanRuntime/7.23.0"
::1 - - [2020/03/12 15:21:40]" POST /api/user/logSettings HTTP/1.1" 401 33 "-" "PostmanRuntime/7.23.0"
::1 - - [2020/03/12 15:21:57]" POST /api/user/logSettings HTTP/1.1" 200 17 "-" "PostmanRuntime/7.23.0"
::1 - - [2020/03/12 15:22:02]" POST /api/user/logSettings HTTP/1.1" 401 33 "-" "PostmanRuntime/7.23.0"
::1 - - [2020/03/12 15:24:14]" POST /api/user/logSettings HTTP/1.1" 200 36 "-" "PostmanRuntime/7.23.0"
::1 - - [2020/03/12 15:24:59]" POST /api/user/logSettings HTTP/1.1" 200 30 "-" "PostmanRuntime/7.23.0"
::1 - - [2020/03/12 15:25:24]" POST /api/user/logSettings HTTP/1.1" 200 93 "-" "PostmanRuntime/7.23.0"
::1 - - [2020/03/12 15:25:36]" POST /api/user/logSettings HTTP/1.1" 200 94 "-" "PostmanRuntime/7.23.0"
::1 - - [2020/03/12 15:25:48]" POST /api/user/logSettings HTTP/1.1" 200 96 "-" "PostmanRuntime/7.23.0"
::1 - - [2020/03/12 15:26:07]" POST /api/user/logSettings HTTP/1.1" 200 96 "-" "PostmanRuntime/7.23.0"
::1 - - [2020/03/12 15:29:21]" POST /api/user/logSettings HTTP/1.1" 200 25 "-" "PostmanRuntime/7.23.0"
::1 - - [2020/03/12 15:29:50]" POST /api/user/logSettings HTTP/1.1" 200 25 "-" "PostmanRuntime/7.23.0"
::1 - - [2020/03/12 15:31:41]" POST /api/user/logSettings HTTP/1.1" 200 25 "-" "PostmanRuntime/7.23.0"
::1 - - [2020/03/12 15:32:31]" POST /api/user/logSettings HTTP/1.1" 200 25 "-" "PostmanRuntime/7.23.0"
::1 - - [2020/03/12 15:32:35]" POST /api/user/logSettings HTTP/1.1" 200 25 "-" "PostmanRuntime/7.23.0"
::1 - - [2020/03/12 15:33:31]" POST /api/user/logSettings HTTP/1.1" 200 25 "-" "PostmanRuntime/7.23.0"
::1 - - [2020/03/12 15:33:43]" POST /api/user/logSettings HTTP/1.1" 200 25 "-" "PostmanRuntime/7.23.0"
::1 - - [2020/03/12 15:37:27]" POST /api/user/logSettings HTTP/1.1" 401 33 "-" "PostmanRuntime/7.23.0"
::1 - - [2020/03/12 15:37:36]" POST /api/user/logSettings HTTP/1.1" 200 25 "-" "PostmanRuntime/7.23.0"
::1 - - [2020/03/12 15:37:42]" POST /api/user/logSettings HTTP/1.1" 401 33 "-" "PostmanRuntime/7.23.0"
::1 - - [2020/03/12 15:37:51]" POST /api/user/logSettings HTTP/1.1" 200 25 "-" "PostmanRuntime/7.23.0"
::1 - - [2020/03/12 15:37:58]" POST /api/user/logSettings HTTP/1.1" 200 25 "-" "PostmanRuntime/7.23.0"
::1 - - [2020/03/12 15:45:27]" POST /api/user/logSettings HTTP/1.1" 401 33 "-" "PostmanRuntime/7.23.0"
::1 - - [2020/03/12 15:45:43]" POST /api/user/logSettings HTTP/1.1" 200 25 "-" "PostmanRuntime/7.23.0"
::1 - - [2020/03/12 15:46:02]" POST /api/user/logSettings HTTP/1.1" 200 25 "-" "PostmanRuntime/7.23.0"
::1 - - [2020/03/12 15:50:56]" GET /api/user/ HTTP/1.1" 401 34 "-" "PostmanRuntime/7.23.0"
::1 - - [2020/03/12 15:51:13]" GET /api/user/ HTTP/1.1" 401 34 "-" "PostmanRuntime/7.23.0"
::1 - - [2020/03/12 15:51:21]" GET /api/user HTTP/1.1" 401 34 "-" "PostmanRuntime/7.23.0"
::1 - - [2020/03/12 15:51:48]" GET /api/user HTTP/1.1" 200 - "-" "PostmanRuntime/7.23.0"
::1 - - [2020/03/12 15:52:14]" POST /api/user/logSettings HTTP/1.1" 200 25 "-" "PostmanRuntime/7.23.0"
::1 - - [2020/03/12 15:52:20]" GET /api/user HTTP/1.1" 200 - "-" "PostmanRuntime/7.23.0"
::1 - - [2020/03/12 15:52:42]" GET /api/user HTTP/1.1" 200 - "-" "PostmanRuntime/7.23.0"
::1 - - [2020/03/12 15:52:55]" POST /api/user/logSettings HTTP/1.1" 200 25 "-" "PostmanRuntime/7.23.0"
::1 - - [2020/03/12 15:53:01]" GET /api/user HTTP/1.1" 200 - "-" "PostmanRuntime/7.23.0"
::1 - - [2020/03/12 15:54:14]" POST /api/user/logSettings HTTP/1.1" 200 25 "-" "PostmanRuntime/7.23.0"
::1 - - [2020/03/12 15:54:16]" GET /api/user HTTP/1.1" 200 - "-" "PostmanRuntime/7.23.0"
::1 - - [2020/03/12 15:54:19]" GET /api/user HTTP/1.1" 200 - "-" "PostmanRuntime/7.23.0"
::1 - - [2020/03/12 15:55:09]" POST /api/user/logSettings HTTP/1.1" 200 25 "-" "PostmanRuntime/7.23.0"
::1 - - [2020/03/12 15:55:12]" GET /api/user HTTP/1.1" 200 - "-" "PostmanRuntime/7.23.0"
::1 - - [2020/03/12 15:55:13]" GET /api/user HTTP/1.1" 200 - "-" "PostmanRuntime/7.23.0"
::1 - - [2020/03/12 16:04:37]" POST /api/user/logSettings HTTP/1.1" 401 33 "-" "PostmanRuntime/7.23.0"
::1 - - [2020/03/12 16:04:44]" POST /api/user/logSettings HTTP/1.1" 401 33 "-" "PostmanRuntime/7.23.0"
::1 - - [2020/03/12 16:04:57]" POST /api/user/logSettings HTTP/1.1" 200 25 "-" "PostmanRuntime/7.23.0"
::1 - - [2020/03/12 16:05:01]" GET /api/user HTTP/1.1" 200 - "-" "PostmanRuntime/7.23.0"
::1 - - [2020/03/12 16:05:02]" GET /api/user HTTP/1.1" 200 - "-" "PostmanRuntime/7.23.0"
::1 - - [2020/03/12 16:05:04]" GET /api/user HTTP/1.1" 200 - "-" "PostmanRuntime/7.23.0"
::1 - - [2020/03/12 16:08:59]" POST /api/user HTTP/1.1" 200 26 "-" "PostmanRuntime/7.23.0"
::1 - - [2020/03/12 16:08:59]" PUT /api/user HTTP/1.1" 200 26 "-" "PostmanRuntime/7.23.0"
::1 - - [2020/03/12 16:09:22]" DELETE /api/user HTTP/1.1" 200 26 "-" "PostmanRuntime/7.23.0"
::1 - - [2020/03/12 16:09:36]" GET /api/user HTTP/1.1" 200 - "-" "PostmanRuntime/7.23.0"
::1 - - [2020/03/12 17:58:17]" PUT /api/user HTTP/1.1" 200 76 "-" "PostmanRuntime/7.23.0"
::1 - - [2020/03/12 17:58:53]" GET /api/user HTTP/1.1" 200 - "-" "PostmanRuntime/7.23.0"
::1 - - [2020/03/12 17:59:16]" GET /api/user HTTP/1.1" 200 - "-" "PostmanRuntime/7.23.0"
::1 - - [2020/03/12 17:59:22]" PUT /api/user HTTP/1.1" 200 26 "-" "PostmanRuntime/7.23.0"
::1 - - [2020/03/12 17:59:55]" PUT /api/user HTTP/1.1" 200 26 "-" "PostmanRuntime/7.23.0"
::1 - - [2020/03/12 18:00:22]" PUT /api/user HTTP/1.1" 200 26 "-" "PostmanRuntime/7.23.0"
::1 - - [2020/03/12 18:00:48]" PUT /api/user HTTP/1.1" 200 26 "-" "PostmanRuntime/7.23.0"
::1 - - [2020/03/12 18:13:31]" PUT /api/user HTTP/1.1" 200 26 "-" "PostmanRuntime/7.23.0"
::1 - - [2020/03/12 18:13:56]" PUT /api/user HTTP/1.1" 200 26 "-" "PostmanRuntime/7.23.0"
::1 - - [2020/03/12 18:15:40]" PUT /api/user HTTP/1.1" 200 26 "-" "PostmanRuntime/7.23.0"
::1 - - [2020/03/12 18:16:17]" PUT /api/user HTTP/1.1" 200 77 "-" "PostmanRuntime/7.23.0"
::1 - - [2020/03/12 18:16:57]" PUT /api/user HTTP/1.1" 200 77 "-" "PostmanRuntime/7.23.0"
::1 - - [2020/03/12 18:17:11]" PUT /api/user HTTP/1.1" 200 26 "-" "PostmanRuntime/7.23.0"
::1 - - [2020/03/13 11:55:52]" POST /api/user HTTP/1.1" 401 34 "-" "PostmanRuntime/7.23.0"
::1 - - [2020/03/13 11:56:09]" POST /api/user/login HTTP/1.1" 200 195 "-" "PostmanRuntime/7.23.0"
::1 - - [2020/03/13 11:56:42]" POST /api/user HTTP/1.1" 200 26 "-" "PostmanRuntime/7.23.0"
::1 - - [2020/03/13 11:57:50]" POST /api/user HTTP/1.1" 200 26 "-" "PostmanRuntime/7.23.0"
::1 - - [2020/03/13 12:04:28]" POST /api/user/login HTTP/1.1" 200 211 "-" "PostmanRuntime/7.23.0"
::1 - - [2020/03/13 12:04:36]" POST /api/user/login HTTP/1.1" 200 11 "-" "PostmanRuntime/7.23.0"
::1 - - [2020/03/13 12:06:23]" POST /api/user/login HTTP/1.1" 200 18 "-" "PostmanRuntime/7.23.0"
::1 - - [2020/03/13 12:06:32]" POST /api/user/login HTTP/1.1" 200 18 "-" "PostmanRuntime/7.23.0"
::1 - - [2020/03/13 12:06:37]" POST /api/user/login HTTP/1.1" 200 211 "-" "PostmanRuntime/7.23.0"
::1 - - [2020/03/13 12:06:56]" POST /api/user/login HTTP/1.1" 200 18 "-" "PostmanRuntime/7.23.0"
::1 - - [2020/03/13 12:06:57]" POST /api/user/login HTTP/1.1" 200 18 "-" "PostmanRuntime/7.23.0"
::1 - - [2020/03/13 12:31:51]" POST /api/user HTTP/1.1" 200 79 "-" "PostmanRuntime/7.23.0"
::1 - - [2020/03/13 14:10:58]" POST /api/user HTTP/1.1" 200 79 "-" "PostmanRuntime/7.23.0"
::1 - - [2020/03/13 14:11:07]" POST /api/user HTTP/1.1" 200 79 "-" "PostmanRuntime/7.23.0"
::1 - - [2020/03/13 14:11:12]" POST /api/user HTTP/1.1" 200 79 "-" "PostmanRuntime/7.23.0"
::1 - - [2020/03/13 14:12:24]" POST /api/user HTTP/1.1" 200 79 "-" "PostmanRuntime/7.23.0"
::1 - - [2020/03/13 14:13:20]" POST /api/user HTTP/1.1" 200 79 "-" "PostmanRuntime/7.23.0"
::1 - - [2020/03/13 14:13:26]" POST /api/user HTTP/1.1" 200 26 "-" "PostmanRuntime/7.23.0"
::1 - - [2020/03/13 16:13:49]" GET /api/user HTTP/1.1" 200 - "-" "PostmanRuntime/7.23.0"
::1 - - [2020/03/13 16:13:54]" GET /api/user HTTP/1.1" 200 - "-" "PostmanRuntime/7.23.0"
::1 - - [2020/03/13 16:13:56]" GET /api/user HTTP/1.1" 200 - "-" "PostmanRuntime/7.23.0"
::1 - - [2020/03/13 16:16:16]" GET /api/user HTTP/1.1" 200 - "-" "PostmanRuntime/7.23.0"
::1 - - [2020/03/13 16:16:27]" PUT /api/user HTTP/1.1" 200 28 "-" "PostmanRuntime/7.23.0"
::1 - - [2020/03/13 16:16:42]" POST /api/user HTTP/1.1" 200 26 "-" "PostmanRuntime/7.23.0"
::1 - - [2020/03/13 16:16:47]" PUT /api/user HTTP/1.1" 200 28 "-" "PostmanRuntime/7.23.0"
::1 - - [2020/03/13 16:17:19]" PUT /api/user HTTP/1.1" 200 26 "-" "PostmanRuntime/7.23.0"
::1 - - [2020/03/13 16:17:30]" DELETE /api/user HTTP/1.1" 200 26 "-" "PostmanRuntime/7.23.0"
::1 - - [2020/03/13 16:17:35]" DELETE /api/user HTTP/1.1" 200 28 "-" "PostmanRuntime/7.23.0"
::1 - - [2020/03/13 16:18:40]" POST /api/user HTTP/1.1" 200 26 "-" "PostmanRuntime/7.23.0"
::1 - - [2020/03/13 16:18:47]" GET /api/user HTTP/1.1" 200 - "-" "PostmanRuntime/7.23.0"
::1 - - [2020/03/13 16:19:11]" PUT /api/user HTTP/1.1" 200 26 "-" "PostmanRuntime/7.23.0"
::1 - - [2020/03/13 16:19:18]" DELETE /api/user HTTP/1.1" 200 26 "-" "PostmanRuntime/7.23.0"
::1 - - [2020/03/13 16:19:21]" DELETE /api/user HTTP/1.1" 200 26 "-" "PostmanRuntime/7.23.0"
::1 - - [2020/03/13 16:20:36]" POST /api/user/logSettings HTTP/1.1" 200 25 "-" "PostmanRuntime/7.23.0"
::1 - - [2020/03/13 16:20:45]" GET /api/user HTTP/1.1" 200 - "-" "PostmanRuntime/7.23.0"
::1 - - [2020/03/13 16:20:46]" GET /api/user HTTP/1.1" 200 - "-" "PostmanRuntime/7.23.0"
::1 - - [2020/03/13 16:20:48]" GET /api/user HTTP/1.1" 200 - "-" "PostmanRuntime/7.23.0"
::1 - - [2020/03/13 16:22:51]" GET /api/user/logSettings HTTP/1.1" 404 - "-" "PostmanRuntime/7.23.0"
::1 - - [2020/03/13 16:23:19]" POST /api/user/logSettings HTTP/1.1" 200 25 "-" "PostmanRuntime/7.23.0"
::1 - - [2020/03/13 16:23:26]" GET /api/user HTTP/1.1" 200 - "-" "PostmanRuntime/7.23.0"
::1 - - [2020/03/13 16:23:28]" GET /api/user HTTP/1.1" 200 - "-" "PostmanRuntime/7.23.0"
::1 - - [2020/03/13 16:23:29]" GET /api/user HTTP/1.1" 200 - "-" "PostmanRuntime/7.23.0"
::1 - - [2020/03/13 16:23:30]" GET /api/user HTTP/1.1" 200 - "-" "PostmanRuntime/7.23.0"
::1 - - [2020/03/13 16:24:37]" POST /api/user/logSettings HTTP/1.1" 200 25 "-" "PostmanRuntime/7.23.0"
::1 - - [2020/03/13 16:24:50]" GET /api/user HTTP/1.1" 200 - "-" "PostmanRuntime/7.23.0"
::1 - - [2020/03/13 16:24:52]" GET /api/user HTTP/1.1" 200 - "-" "PostmanRuntime/7.23.0"
::1 - - [2020/03/13 16:24:53]" GET /api/user HTTP/1.1" 200 - "-" "PostmanRuntime/7.23.0"
::1 - - [2020/03/13 16:25:58]" GET /api/user HTTP/1.1" 200 - "-" "PostmanRuntime/7.23.0"
::1 - - [2020/03/13 16:26:22]" GET /api/user HTTP/1.1" 200 - "-" "PostmanRuntime/7.23.0"
::1 - - [2020/03/13 16:43:15]" POST /api/user/login HTTP/1.1" 200 18 "-" "PostmanRuntime/7.23.0"
::1 - - [2020/03/13 16:43:22]" POST /api/user/login HTTP/1.1" 200 211 "-" "PostmanRuntime/7.23.0"
::1 - - [2020/03/13 16:43:39]" POST /api/user HTTP/1.1" 200 79 "-" "PostmanRuntime/7.23.0"
::1 - - [2020/03/13 16:43:49]" POST /api/user HTTP/1.1" 200 26 "-" "PostmanRuntime/7.23.0"
::1 - - [2020/03/13 16:44:16]" PUT /api/user HTTP/1.1" 200 28 "-" "PostmanRuntime/7.23.0"
::1 - - [2020/03/13 16:44:32]" PUT /api/user HTTP/1.1" 200 26 "-" "PostmanRuntime/7.23.0"
::1 - - [2020/03/13 16:45:19]" DELETE /api/user HTTP/1.1" 200 26 "-" "PostmanRuntime/7.23.0"
::1 - - [2020/03/13 16:45:37]" GET /api/user HTTP/1.1" 200 - "-" "PostmanRuntime/7.23.0"
::1 - - [2020/03/13 16:46:55]" POST /api/user HTTP/1.1" 200 46 "-" "PostmanRuntime/7.23.0"
::1 - - [2020/03/13 16:47:04]" POST /api/user/logSettings HTTP/1.1" 200 25 "-" "PostmanRuntime/7.23.0"
::1 - - [2020/03/13 16:47:15]" GET /api/user HTTP/1.1" 200 - "-" "PostmanRuntime/7.23.0"
::1 - - [2020/03/13 16:47:16]" GET /api/user HTTP/1.1" 200 - "-" "PostmanRuntime/7.23.0"
::1 - - [2020/03/13 16:47:18]" GET /api/user HTTP/1.1" 200 - "-" "PostmanRuntime/7.23.0"
::1 - - [2020/03/13 16:56:01]" PUT /api/user HTTP/1.1" 200 26 "-" "PostmanRuntime/7.23.0"
::1 - - [2020/03/13 16:56:09]" PUT /api/user HTTP/1.1" 200 26 "-" "PostmanRuntime/7.23.0"
::1 - - [2020/03/13 16:56:48]" PUT /api/user HTTP/1.1" 200 26 "-" "PostmanRuntime/7.23.0"
::1 - - [2020/03/13 17:34:50]" POST /api/user HTTP/1.1" 200 66 "-" "PostmanRuntime/7.23.0"
::1 - - [2020/03/13 17:34:56]" POST /api/user HTTP/1.1" 200 26 "-" "PostmanRuntime/7.23.0"
::1 - - [2020/03/13 17:36:40]" POST /api/user HTTP/1.1" 200 79 "-" "PostmanRuntime/7.23.0"
::1 - - [2020/03/13 17:36:47]" PUT /api/user HTTP/1.1" 200 26 "-" "PostmanRuntime/7.23.0"
::1 - - [2020/03/13 17:37:48]" POST /api/user/login HTTP/1.1" 200 18 "-" "PostmanRuntime/7.23.0"
::1 - - [2020/03/13 17:37:57]" POST /api/user/login HTTP/1.1" 200 18 "-" "PostmanRuntime/7.23.0"
::1 - - [2020/03/13 17:38:04]" PUT /api/user/login HTTP/1.1" 404 - "-" "PostmanRuntime/7.23.0"
::1 - - [2020/03/13 17:38:11]" PUT /api/user HTTP/1.1" 200 26 "-" "PostmanRuntime/7.23.0"
::1 - - [2020/03/13 17:38:13]" PUT /api/user HTTP/1.1" 200 26 "-" "PostmanRuntime/7.23.0"
::1 - - [2020/03/13 17:38:24]" POST /api/user/login HTTP/1.1" 200 18 "-" "PostmanRuntime/7.23.0"
::1 - - [2020/03/13 17:39:03]" POST /api/user/login HTTP/1.1" 200 215 "-" "PostmanRuntime/7.23.0"
::1 - - [2020/03/13 17:39:21]" GET /api/user/ HTTP/1.1" 200 - "-" "PostmanRuntime/7.23.0"
::1 - - [2020/03/13 17:39:24]" GET /api/user/ HTTP/1.1" 200 - "-" "PostmanRuntime/7.23.0"
::1 - - [2020/03/13 17:39:26]" GET /api/user/ HTTP/1.1" 200 - "-" "PostmanRuntime/7.23.0"
::1 - - [2020/03/13 17:39:48]" DELETE /api/user/ HTTP/1.1" 200 28 "-" "PostmanRuntime/7.23.0"
::1 - - [2020/03/13 17:39:57]" DELETE /api/user/ HTTP/1.1" 200 26 "-" "PostmanRuntime/7.23.0"
::1 - - [2020/03/13 18:01:48]" GET /api/user/ HTTP/1.1" 200 - "-" "PostmanRuntime/7.23.0"
